<?xml version="1.0" encoding="UTF-8"?>
<TestRun id="ef4ba9ea-0cd2-471d-80f1-cdb03efd44a0" name="farean@V-FEAREA 2013-04-13 18:22:48" runUser="EVOLUTION\farean" xmlns="http://microsoft.com/schemas/VisualStudio/TeamTest/2010">
  <TestSettings name="Default Test Settings" id="fe8e57c2-ef7a-42f2-b1cc-f6f4b3bfc5c3">
    <Deployment runDeploymentRoot="farean_V-FEAREA 2013-04-13 18_22_48">
      <DeploymentItem filename="C:\sources\AgileDashboard\packages\Microsoft.AspNet.WebPages.2.0.20710.0\lib\net40\System.Web.Helpers.dll" />
      <DeploymentItem filename="C:\sources\AgileDashboard\packages\Microsoft.Net.Http.2.0.20710.0\lib\net40\System.Net.Http.WebRequest.dll" />
      <DeploymentItem filename="C:\sources\AgileDashboard\packages\Newtonsoft.Json.4.5.6\lib\net40\Newtonsoft.Json.dll" />
      <DeploymentItem filename="C:\sources\AgileDashboard\packages\Microsoft.Web.Infrastructure.1.0.0.0\lib\net40\Microsoft.Web.Infrastructure.dll" />
      <DeploymentItem filename="C:\sources\AgileDashboard\packages\Microsoft.AspNet.Mvc.4.0.20710.0\lib\net40\System.Web.Mvc.dll" />
      <DeploymentItem filename="C:\sources\AgileDashboard\packages\Microsoft.Net.Http.2.0.20710.0\lib\net40\System.Net.Http.dll" />
      <DeploymentItem filename="C:\sources\AgileDashboard\packages\Microsoft.AspNet.WebApi.WebHost.4.0.20710.0\lib\net40\System.Web.Http.WebHost.dll" />
      <DeploymentItem filename="C:\sources\AgileDashboard\packages\Microsoft.AspNet.WebPages.2.0.20710.0\lib\net40\System.Web.WebPages.Razor.dll" />
      <DeploymentItem filename="C:\sources\AgileDashboard\packages\Microsoft.AspNet.WebPages.2.0.20710.0\lib\net40\System.Web.WebPages.Deployment.dll" />
      <DeploymentItem filename="C:\sources\AgileDashboard\AgileDashboardWebUI\bin\AgileDashboardWebUI.dll" />
      <DeploymentItem filename="C:\sources\AgileDashboard\packages\Microsoft.AspNet.WebApi.Client.4.0.20710.0\lib\net40\System.Net.Http.Formatting.dll" />
      <DeploymentItem filename="C:\sources\AgileDashboard\packages\Microsoft.AspNet.WebPages.2.0.20710.0\lib\net40\System.Web.WebPages.dll" />
      <DeploymentItem filename="C:\sources\AgileDashboard\packages\Microsoft.AspNet.WebApi.Core.4.0.20710.0\lib\net40\System.Web.Http.dll" />
      <DeploymentItem filename="C:\sources\AgileDashboard\packages\Microsoft.AspNet.Razor.2.0.20710.0\lib\net40\System.Web.Razor.dll" />
      <DeploymentItem filename="C:\sources\AgileDashboard\library\Moq.dll" />
    </Deployment>
    <Execution>
      <TestTypeSpecific />
      <AgentRule name="Execution Agents">
      </AgentRule>
    </Execution>
  </TestSettings>
  <Times creation="2013-04-13T18:22:48.6813429-03:00" queuing="2013-04-13T18:22:49.3753826-03:00" start="2013-04-13T18:22:49.4103846-03:00" finish="2013-04-13T18:22:49.8174079-03:00" />
  <ResultSummary outcome="Completed">
    <Counters total="1" executed="1" passed="1" error="0" failed="0" timeout="0" aborted="0" inconclusive="0" passedButRunAborted="0" notRunnable="0" notExecuted="0" disconnected="0" warning="0" completed="0" inProgress="0" pending="0" />
  </ResultSummary>
  <TestDefinitions>
    <UnitTest name="CallProjectsController_GetAllProjects_ReturnsJsonResult" storage="c:\sources\agiledashboard\agiledashboardwebui.tests\bin\debug\agiledashboardwebui.tests.dll" id="f5179e08-ce81-e549-1d26-772ecbfad968">
      <Execution id="d4a7df1b-b05b-4e51-9944-551d032b05db" />
      <TestMethod codeBase="C:/sources/AgileDashboard/AgileDashboardWebUI.Tests/bin/Debug/AgileDashboardWebUI.Tests.DLL" adapterTypeName="Microsoft.VisualStudio.TestTools.TestTypes.Unit.UnitTestAdapter, Microsoft.VisualStudio.QualityTools.Tips.UnitTest.Adapter, Version=10.0.0.0, Culture=neutral, PublicKeyToken=b03f5f7f11d50a3a" className="AgileDashboardWebUI.Tests.ProjectsControllerTest, AgileDashboardWebUI.Tests, Version=1.0.0.0, Culture=neutral, PublicKeyToken=null" name="CallProjectsController_GetAllProjects_ReturnsJsonResult" />
    </UnitTest>
  </TestDefinitions>
  <TestLists>
    <TestList name="Results Not in a List" id="8c84fa94-04c1-424b-9868-57a2d4851a1d" />
    <TestList name="All Loaded Results" id="19431567-8539-422a-85d7-44ee4e166bda" />
  </TestLists>
  <TestEntries>
    <TestEntry testId="f5179e08-ce81-e549-1d26-772ecbfad968" executionId="d4a7df1b-b05b-4e51-9944-551d032b05db" testListId="8c84fa94-04c1-424b-9868-57a2d4851a1d" />
  </TestEntries>
  <Results>
    <UnitTestResult executionId="d4a7df1b-b05b-4e51-9944-551d032b05db" testId="f5179e08-ce81-e549-1d26-772ecbfad968" testName="CallProjectsController_GetAllProjects_ReturnsJsonResult" computerName="V-FEAREA" duration="00:00:00.0261297" startTime="2013-04-13T18:22:49.4233854-03:00" endTime="2013-04-13T18:22:49.7944066-03:00" testType="13cdc9d9-ddb5-4fa4-a97d-d965ccfc6d4b" outcome="Passed" testListId="8c84fa94-04c1-424b-9868-57a2d4851a1d" relativeResultsDirectory="d4a7df1b-b05b-4e51-9944-551d032b05db">
    </UnitTestResult>
  </Results>
</TestRun>