<?xml version="1.0" encoding="UTF-8"?>
<TestRun id="8e58e76f-b4ae-4730-97c0-3c10a10775e2" name="farean@V-FEAREA 2013-04-13 17:43:09" runUser="EVOLUTION\farean" xmlns="http://microsoft.com/schemas/VisualStudio/TeamTest/2010">
  <TestSettings name="Default Test Settings" id="5e058ebe-9067-47eb-b862-9a1eaa7576bc">
    <Deployment runDeploymentRoot="farean_V-FEAREA 2013-04-13 17_43_09">
      <DeploymentItem filename="C:\sources\AgileDashboard\packages\Microsoft.AspNet.WebPages.2.0.20710.0\lib\net40\System.Web.Helpers.dll" />
      <DeploymentItem filename="C:\sources\AgileDashboard\packages\Microsoft.Net.Http.2.0.20710.0\lib\net40\System.Net.Http.WebRequest.dll" />
      <DeploymentItem filename="C:\sources\AgileDashboard\packages\Newtonsoft.Json.4.5.6\lib\net40\Newtonsoft.Json.dll" />
      <DeploymentItem filename="C:\sources\AgileDashboard\packages\Microsoft.Web.Infrastructure.1.0.0.0\lib\net40\Microsoft.Web.Infrastructure.dll" />
      <DeploymentItem filename="C:\sources\AgileDashboard\packages\Microsoft.AspNet.Mvc.4.0.20710.0\lib\net40\System.Web.Mvc.dll" />
      <DeploymentItem filename="C:\sources\AgileDashboard\packages\Microsoft.Net.Http.2.0.20710.0\lib\net40\System.Net.Http.dll" />
      <DeploymentItem filename="C:\sources\AgileDashboard\packages\Microsoft.AspNet.WebApi.WebHost.4.0.20710.0\lib\net40\System.Web.Http.WebHost.dll" />
      <DeploymentItem filename="C:\sources\AgileDashboard\packages\Microsoft.AspNet.WebPages.2.0.20710.0\lib\net40\System.Web.WebPages.Razor.dll" />
      <DeploymentItem filename="C:\sources\AgileDashboard\packages\Microsoft.AspNet.WebPages.2.0.20710.0\lib\net40\System.Web.WebPages.Deployment.dll" />
      <DeploymentItem filename="C:\sources\AgileDashboard\AgileDashboardWebUI\bin\AgileDashboardWebUI.dll" />
      <DeploymentItem filename="C:\sources\AgileDashboard\packages\Microsoft.AspNet.WebApi.Client.4.0.20710.0\lib\net40\System.Net.Http.Formatting.dll" />
      <DeploymentItem filename="C:\sources\AgileDashboard\packages\Microsoft.AspNet.WebPages.2.0.20710.0\lib\net40\System.Web.WebPages.dll" />
      <DeploymentItem filename="C:\sources\AgileDashboard\packages\Microsoft.AspNet.WebApi.Core.4.0.20710.0\lib\net40\System.Web.Http.dll" />
      <DeploymentItem filename="C:\sources\AgileDashboard\packages\Microsoft.AspNet.Razor.2.0.20710.0\lib\net40\System.Web.Razor.dll" />
      <DeploymentItem filename="C:\sources\AgileDashboard\library\Moq.dll" />
    </Deployment>
    <Execution>
      <TestTypeSpecific />
      <AgentRule name="Execution Agents">
      </AgentRule>
    </Execution>
  </TestSettings>
  <Times creation="2013-04-13T17:43:09.0862379-03:00" queuing="2013-04-13T17:43:09.7982786-03:00" start="2013-04-13T17:43:09.8072791-03:00" finish="2013-04-13T17:43:10.0782946-03:00" />
  <ResultSummary outcome="Completed">
    <Counters total="1" executed="1" passed="1" error="0" failed="0" timeout="0" aborted="0" inconclusive="0" passedButRunAborted="0" notRunnable="0" notExecuted="0" disconnected="0" warning="0" completed="0" inProgress="0" pending="0" />
  </ResultSummary>
  <TestDefinitions>
    <UnitTest name="CallProjectsController_GetAllProjects_ReturnsJsonResult" storage="c:\sources\agiledashboard\agiledashboardwebui.tests\bin\debug\agiledashboardwebui.tests.dll" id="f5179e08-ce81-e549-1d26-772ecbfad968">
      <Execution id="9dd2db9c-8b41-4c4f-a552-616aed25f8aa" />
      <TestMethod codeBase="C:/sources/AgileDashboard/AgileDashboardWebUI.Tests/bin/Debug/AgileDashboardWebUI.Tests.DLL" adapterTypeName="Microsoft.VisualStudio.TestTools.TestTypes.Unit.UnitTestAdapter, Microsoft.VisualStudio.QualityTools.Tips.UnitTest.Adapter, Version=10.0.0.0, Culture=neutral, PublicKeyToken=b03f5f7f11d50a3a" className="AgileDashboardWebUI.Tests.ProjectsControllerTest, AgileDashboardWebUI.Tests, Version=1.0.0.0, Culture=neutral, PublicKeyToken=null" name="CallProjectsController_GetAllProjects_ReturnsJsonResult" />
    </UnitTest>
  </TestDefinitions>
  <TestLists>
    <TestList name="Results Not in a List" id="8c84fa94-04c1-424b-9868-57a2d4851a1d" />
    <TestList name="All Loaded Results" id="19431567-8539-422a-85d7-44ee4e166bda" />
  </TestLists>
  <TestEntries>
    <TestEntry testId="f5179e08-ce81-e549-1d26-772ecbfad968" executionId="9dd2db9c-8b41-4c4f-a552-616aed25f8aa" testListId="8c84fa94-04c1-424b-9868-57a2d4851a1d" />
  </TestEntries>
  <Results>
    <UnitTestResult executionId="9dd2db9c-8b41-4c4f-a552-616aed25f8aa" testId="f5179e08-ce81-e549-1d26-772ecbfad968" testName="CallProjectsController_GetAllProjects_ReturnsJsonResult" computerName="V-FEAREA" duration="00:00:00.0217069" startTime="2013-04-13T17:43:09.8232800-03:00" endTime="2013-04-13T17:43:10.0622937-03:00" testType="13cdc9d9-ddb5-4fa4-a97d-d965ccfc6d4b" outcome="Passed" testListId="8c84fa94-04c1-424b-9868-57a2d4851a1d" relativeResultsDirectory="9dd2db9c-8b41-4c4f-a552-616aed25f8aa">
    </UnitTestResult>
  </Results>
</TestRun>